<?xml version="1.0" encoding="UTF-8"?>
<testsuite name="com.pibbletv.donations_service.DonationsServiceApplicationTests" tests="1" skipped="0" failures="0" errors="0" timestamp="2025-05-18T00:56:33.599Z" hostname="DESKTOP-NS6POVE" time="1.157">
  <properties/>
  <testcase name="contextLoads()" classname="com.pibbletv.donations_service.DonationsServiceApplicationTests" time="1.157"/>
  <system-out><![CDATA[02:56:27.927 [Test worker] INFO org.springframework.test.context.support.AnnotationConfigContextLoaderUtils -- Could not detect default configuration classes for test class [com.pibbletv.donations_service.DonationsServiceApplicationTests]: DonationsServiceApplicationTests does not declare any static, non-private, non-final, nested classes annotated with @Configuration.
02:56:28.200 [Test worker] INFO org.springframework.boot.test.context.SpringBootTestContextBootstrapper -- Found @SpringBootConfiguration com.pibbletv.donations_service.DonationsServiceApplication for test class com.pibbletv.donations_service.DonationsServiceApplicationTests

  .   ____          _            __ _ _
 /\\ / ___'_ __ _ _(_)_ __  __ _ \ \ \ \
( ( )\___ | '_ | '_| | '_ \/ _` | \ \ \ \
 \\/  ___)| |_)| | | | | || (_| |  ) ) ) )
  '  |____| .__|_| |_|_| |_\__, | / / / /
 =========|_|==============|___/=/_/_/_/

 :: Spring Boot ::                (v3.4.4)

2025-05-18T02:56:30.053+02:00  INFO 13536 --- [donations-service] [    Test worker] c.p.d.DonationsServiceApplicationTests   : Starting DonationsServiceApplicationTests using Java 17.0.12 with PID 13536 (started by hristo in D:\Individual Assignment\PibbleTV-Backend\donations-service)
2025-05-18T02:56:30.055+02:00  INFO 13536 --- [donations-service] [    Test worker] c.p.d.DonationsServiceApplicationTests   : The following 1 profile is active: "test"
2025-05-18T02:56:31.028+02:00  INFO 13536 --- [donations-service] [    Test worker] .s.d.r.c.RepositoryConfigurationDelegate : Bootstrapping Spring Data R2DBC repositories in DEFAULT mode.
2025-05-18T02:56:31.327+02:00  INFO 13536 --- [donations-service] [    Test worker] .s.d.r.c.RepositoryConfigurationDelegate : Finished Spring Data repository scanning in 286 ms. Found 1 R2DBC repository interface.
2025-05-18T02:56:31.561+02:00  INFO 13536 --- [donations-service] [    Test worker] o.s.cloud.context.scope.GenericScope     : BeanFactory id=25144b05-3f32-381a-8d94-6a6c0148d3a7
2025-05-18T02:56:32.591+02:00  INFO 13536 --- [donations-service] [    Test worker] o.s.v.b.OptionalValidatorFactoryBean     : Failed to set up a Bean Validation provider: jakarta.validation.NoProviderFoundException: Unable to create a Configuration, because no Jakarta Bean Validation provider could be found. Add a provider like Hibernate Validator (RI) to your classpath.
2025-05-18T02:56:33.228+02:00  INFO 13536 --- [donations-service] [    Test worker] DiscoveryClientOptionalArgsConfiguration : Eureka HTTP Client uses RestTemplate.
2025-05-18T02:56:33.478+02:00  WARN 13536 --- [donations-service] [    Test worker] iguration$LoadBalancerCaffeineWarnLogger : Spring Cloud LoadBalancer is currently working with the default cache. While this cache implementation is useful for development and tests, it's recommended to use Caffeine cache in production.You can switch to using Caffeine cache, by adding it and org.springframework.cache.caffeine.CaffeineCacheManager to the classpath.
2025-05-18T02:56:33.591+02:00  INFO 13536 --- [donations-service] [    Test worker] c.p.d.DonationsServiceApplicationTests   : Started DonationsServiceApplicationTests in 4.287 seconds (process running for 7.716)
]]></system-out>
  <system-err><![CDATA[]]></system-err>
</testsuite>
