<?xml version="1.0" encoding="UTF-8"?>
<testsuite name="com.pibbletv.donations_service.DonationsServiceApplicationTests" tests="1" skipped="0" failures="0" errors="0" timestamp="2025-06-16T22:41:10.934Z" hostname="DESKTOP-NS6POVE" time="1.146">
  <properties/>
  <testcase name="contextLoads()" classname="com.pibbletv.donations_service.DonationsServiceApplicationTests" time="1.146"/>
  <system-out><![CDATA[00:41:06.479 [Test worker] INFO org.springframework.test.context.support.AnnotationConfigContextLoaderUtils -- Could not detect default configuration classes for test class [com.pibbletv.donations_service.DonationsServiceApplicationTests]: DonationsServiceApplicationTests does not declare any static, non-private, non-final, nested classes annotated with @Configuration.
00:41:06.680 [Test worker] INFO org.springframework.boot.test.context.SpringBootTestContextBootstrapper -- Found @SpringBootConfiguration com.pibbletv.donations_service.DonationsServiceApplication for test class com.pibbletv.donations_service.DonationsServiceApplicationTests

  .   ____          _            __ _ _
 /\\ / ___'_ __ _ _(_)_ __  __ _ \ \ \ \
( ( )\___ | '_ | '_| | '_ \/ _` | \ \ \ \
 \\/  ___)| |_)| | | | | || (_| |  ) ) ) )
  '  |____| .__|_| |_|_| |_\__, | / / / /
 =========|_|==============|___/=/_/_/_/

 :: Spring Boot ::                (v3.4.4)

2025-06-17T00:41:07.489+02:00  WARN 2100 --- [donations-service] [    Test worker] i.s.s.boot.SentrySpringVersionChecker    : ############################### WARNING ###############################
2025-06-17T00:41:07.491+02:00  WARN 2100 --- [donations-service] [    Test worker] i.s.s.boot.SentrySpringVersionChecker    : ##                                                                   ##
2025-06-17T00:41:07.491+02:00  WARN 2100 --- [donations-service] [    Test worker] i.s.s.boot.SentrySpringVersionChecker    : ##            !Incompatible Spring Boot Version detected!            ##
2025-06-17T00:41:07.491+02:00  WARN 2100 --- [donations-service] [    Test worker] i.s.s.boot.SentrySpringVersionChecker    : ##              Please see the sentry docs linked below              ##
2025-06-17T00:41:07.491+02:00  WARN 2100 --- [donations-service] [    Test worker] i.s.s.boot.SentrySpringVersionChecker    : ##                Choose your Spring Boot version and                ##
2025-06-17T00:41:07.491+02:00  WARN 2100 --- [donations-service] [    Test worker] i.s.s.boot.SentrySpringVersionChecker    : ##                  install the matching dependency                  ##
2025-06-17T00:41:07.491+02:00  WARN 2100 --- [donations-service] [    Test worker] i.s.s.boot.SentrySpringVersionChecker    : ##                                                                   ##
2025-06-17T00:41:07.491+02:00  WARN 2100 --- [donations-service] [    Test worker] i.s.s.boot.SentrySpringVersionChecker    : ## https://docs.sentry.io/platforms/java/guides/spring-boot/#install ##
2025-06-17T00:41:07.491+02:00  WARN 2100 --- [donations-service] [    Test worker] i.s.s.boot.SentrySpringVersionChecker    : ##                                                                   ##
2025-06-17T00:41:07.492+02:00  WARN 2100 --- [donations-service] [    Test worker] i.s.s.boot.SentrySpringVersionChecker    : #######################################################################
2025-06-17T00:41:07.506+02:00  INFO 2100 --- [donations-service] [    Test worker] c.p.d.DonationsServiceApplicationTests   : Starting DonationsServiceApplicationTests using Java 17.0.12 with PID 2100 (started by hristo in D:\Individual-Assignment\PibbleTV-Backend\donations-service)
2025-06-17T00:41:07.507+02:00  INFO 2100 --- [donations-service] [    Test worker] c.p.d.DonationsServiceApplicationTests   : The following 1 profile is active: "test"
2025-06-17T00:41:08.808+02:00  INFO 2100 --- [donations-service] [    Test worker] .s.d.r.c.RepositoryConfigurationDelegate : Bootstrapping Spring Data R2DBC repositories in DEFAULT mode.
2025-06-17T00:41:09.043+02:00  INFO 2100 --- [donations-service] [    Test worker] .s.d.r.c.RepositoryConfigurationDelegate : Finished Spring Data repository scanning in 222 ms. Found 1 R2DBC repository interface.
2025-06-17T00:41:10.223+02:00  INFO 2100 --- [donations-service] [    Test worker] o.s.v.b.OptionalValidatorFactoryBean     : Failed to set up a Bean Validation provider: jakarta.validation.NoProviderFoundException: Unable to create a Configuration, because no Jakarta Bean Validation provider could be found. Add a provider like Hibernate Validator (RI) to your classpath.
2025-06-17T00:41:10.376+02:00  INFO 2100 --- [donations-service] [    Test worker] o.s.b.a.e.web.EndpointLinksResolver      : Exposing 0 endpoints beneath base path '/actuator'
2025-06-17T00:41:10.925+02:00  INFO 2100 --- [donations-service] [    Test worker] c.p.d.DonationsServiceApplicationTests   : Started DonationsServiceApplicationTests in 3.938 seconds (process running for 6.126)
]]></system-out>
  <system-err><![CDATA[]]></system-err>
</testsuite>
