<?xml version="1.0" encoding="UTF-8"?>
<testsuite name="com.pibbletv.donations_service.DonationsServiceApplicationTests" tests="1" skipped="0" failures="0" errors="0" timestamp="2025-06-16T14:14:30.590Z" hostname="DESKTOP-NS6POVE" time="1.175">
  <properties/>
  <testcase name="contextLoads()" classname="com.pibbletv.donations_service.DonationsServiceApplicationTests" time="1.175"/>
  <system-out><![CDATA[16:14:26.157 [Test worker] INFO org.springframework.test.context.support.AnnotationConfigContextLoaderUtils -- Could not detect default configuration classes for test class [com.pibbletv.donations_service.DonationsServiceApplicationTests]: DonationsServiceApplicationTests does not declare any static, non-private, non-final, nested classes annotated with @Configuration.
16:14:26.364 [Test worker] INFO org.springframework.boot.test.context.SpringBootTestContextBootstrapper -- Found @SpringBootConfiguration com.pibbletv.donations_service.DonationsServiceApplication for test class com.pibbletv.donations_service.DonationsServiceApplicationTests

  .   ____          _            __ _ _
 /\\ / ___'_ __ _ _(_)_ __  __ _ \ \ \ \
( ( )\___ | '_ | '_| | '_ \/ _` | \ \ \ \
 \\/  ___)| |_)| | | | | || (_| |  ) ) ) )
  '  |____| .__|_| |_|_| |_\__, | / / / /
 =========|_|==============|___/=/_/_/_/

 :: Spring Boot ::                (v3.4.4)

2025-06-16T16:14:27.165+02:00  WARN 4372 --- [donations-service] [    Test worker] i.s.s.boot.SentrySpringVersionChecker    : ############################### WARNING ###############################
2025-06-16T16:14:27.167+02:00  WARN 4372 --- [donations-service] [    Test worker] i.s.s.boot.SentrySpringVersionChecker    : ##                                                                   ##
2025-06-16T16:14:27.167+02:00  WARN 4372 --- [donations-service] [    Test worker] i.s.s.boot.SentrySpringVersionChecker    : ##            !Incompatible Spring Boot Version detected!            ##
2025-06-16T16:14:27.167+02:00  WARN 4372 --- [donations-service] [    Test worker] i.s.s.boot.SentrySpringVersionChecker    : ##              Please see the sentry docs linked below              ##
2025-06-16T16:14:27.168+02:00  WARN 4372 --- [donations-service] [    Test worker] i.s.s.boot.SentrySpringVersionChecker    : ##                Choose your Spring Boot version and                ##
2025-06-16T16:14:27.168+02:00  WARN 4372 --- [donations-service] [    Test worker] i.s.s.boot.SentrySpringVersionChecker    : ##                  install the matching dependency                  ##
2025-06-16T16:14:27.168+02:00  WARN 4372 --- [donations-service] [    Test worker] i.s.s.boot.SentrySpringVersionChecker    : ##                                                                   ##
2025-06-16T16:14:27.169+02:00  WARN 4372 --- [donations-service] [    Test worker] i.s.s.boot.SentrySpringVersionChecker    : ## https://docs.sentry.io/platforms/java/guides/spring-boot/#install ##
2025-06-16T16:14:27.169+02:00  WARN 4372 --- [donations-service] [    Test worker] i.s.s.boot.SentrySpringVersionChecker    : ##                                                                   ##
2025-06-16T16:14:27.169+02:00  WARN 4372 --- [donations-service] [    Test worker] i.s.s.boot.SentrySpringVersionChecker    : #######################################################################
2025-06-16T16:14:27.181+02:00  INFO 4372 --- [donations-service] [    Test worker] c.p.d.DonationsServiceApplicationTests   : Starting DonationsServiceApplicationTests using Java 17.0.12 with PID 4372 (started by hristo in D:\Individual-Assignment\PibbleTV-Backend\donations-service)
2025-06-16T16:14:27.183+02:00  INFO 4372 --- [donations-service] [    Test worker] c.p.d.DonationsServiceApplicationTests   : The following 1 profile is active: "test"
2025-06-16T16:14:28.428+02:00  INFO 4372 --- [donations-service] [    Test worker] .s.d.r.c.RepositoryConfigurationDelegate : Bootstrapping Spring Data R2DBC repositories in DEFAULT mode.
2025-06-16T16:14:28.656+02:00  INFO 4372 --- [donations-service] [    Test worker] .s.d.r.c.RepositoryConfigurationDelegate : Finished Spring Data repository scanning in 217 ms. Found 1 R2DBC repository interface.
2025-06-16T16:14:29.838+02:00  INFO 4372 --- [donations-service] [    Test worker] o.s.v.b.OptionalValidatorFactoryBean     : Failed to set up a Bean Validation provider: jakarta.validation.NoProviderFoundException: Unable to create a Configuration, because no Jakarta Bean Validation provider could be found. Add a provider like Hibernate Validator (RI) to your classpath.
2025-06-16T16:14:29.996+02:00  INFO 4372 --- [donations-service] [    Test worker] o.s.b.a.e.web.EndpointLinksResolver      : Exposing 0 endpoints beneath base path '/actuator'
2025-06-16T16:14:30.580+02:00  INFO 4372 --- [donations-service] [    Test worker] c.p.d.DonationsServiceApplicationTests   : Started DonationsServiceApplicationTests in 3.924 seconds (process running for 6.069)
]]></system-out>
  <system-err><![CDATA[]]></system-err>
</testsuite>
