<?xml version="1.0" encoding="UTF-8"?>
<testsuite name="com.pibbletv.donations_service.DonationsServiceApplicationTests" tests="1" skipped="0" failures="0" errors="0" timestamp="2025-05-14T17:20:18.824Z" hostname="DESKTOP-NS6POVE" time="0.858">
  <properties/>
  <testcase name="contextLoads()" classname="com.pibbletv.donations_service.DonationsServiceApplicationTests" time="0.858"/>
  <system-out><![CDATA[19:20:14.030 [Test worker] INFO org.springframework.test.context.support.AnnotationConfigContextLoaderUtils -- Could not detect default configuration classes for test class [com.pibbletv.donations_service.DonationsServiceApplicationTests]: DonationsServiceApplicationTests does not declare any static, non-private, non-final, nested classes annotated with @Configuration.
19:20:14.310 [Test worker] INFO org.springframework.boot.test.context.SpringBootTestContextBootstrapper -- Found @SpringBootConfiguration com.pibbletv.donations_service.DonationsServiceApplication for test class com.pibbletv.donations_service.DonationsServiceApplicationTests

  .   ____          _            __ _ _
 /\\ / ___'_ __ _ _(_)_ __  __ _ \ \ \ \
( ( )\___ | '_ | '_| | '_ \/ _` | \ \ \ \
 \\/  ___)| |_)| | | | | || (_| |  ) ) ) )
  '  |____| .__|_| |_|_| |_\__, | / / / /
 =========|_|==============|___/=/_/_/_/

 :: Spring Boot ::                (v3.4.4)

2025-05-14T19:20:15.676+02:00  INFO 14328 --- [donations-service] [    Test worker] c.p.d.DonationsServiceApplicationTests   : Starting DonationsServiceApplicationTests using Java 17.0.12 with PID 14328 (started by hristo in D:\Individual Assignment\PibbleTV-Backend\donations-service)
2025-05-14T19:20:15.679+02:00  INFO 14328 --- [donations-service] [    Test worker] c.p.d.DonationsServiceApplicationTests   : The following 1 profile is active: "test"
2025-05-14T19:20:16.537+02:00  INFO 14328 --- [donations-service] [    Test worker] .s.d.r.c.RepositoryConfigurationDelegate : Bootstrapping Spring Data R2DBC repositories in DEFAULT mode.
2025-05-14T19:20:16.762+02:00  INFO 14328 --- [donations-service] [    Test worker] .s.d.r.c.RepositoryConfigurationDelegate : Finished Spring Data repository scanning in 211 ms. Found 1 R2DBC repository interface.
2025-05-14T19:20:16.992+02:00  INFO 14328 --- [donations-service] [    Test worker] o.s.cloud.context.scope.GenericScope     : BeanFactory id=25144b05-3f32-381a-8d94-6a6c0148d3a7
2025-05-14T19:20:18.497+02:00  INFO 14328 --- [donations-service] [    Test worker] DiscoveryClientOptionalArgsConfiguration : Eureka HTTP Client uses RestTemplate.
2025-05-14T19:20:18.705+02:00  WARN 14328 --- [donations-service] [    Test worker] iguration$LoadBalancerCaffeineWarnLogger : Spring Cloud LoadBalancer is currently working with the default cache. While this cache implementation is useful for development and tests, it's recommended to use Caffeine cache in production.You can switch to using Caffeine cache, by adding it and org.springframework.cache.caffeine.CaffeineCacheManager to the classpath.
2025-05-14T19:20:18.818+02:00  INFO 14328 --- [donations-service] [    Test worker] c.p.d.DonationsServiceApplicationTests   : Started DonationsServiceApplicationTests in 3.915 seconds (process running for 6.497)
]]></system-out>
  <system-err><![CDATA[]]></system-err>
</testsuite>
